This is pdfTeX, Version 3.141592653-2.6-1.40.25 (TeX Live 2023) (preloaded format=pdflatex 2026.4.13)  10 MAY 2026 02:42
entering extended mode
 restricted \write18 enabled.
 file:line:error style messages enabled.
 %&-line parsing enabled.
**/home/jianyeshi/Note/TM/model/report_latex.tex
(/home/jianyeshi/Note/TM/model/report_latex.tex
LaTeX2e <2022-11-01> patch level 1
L3 programming layer <2023-02-22> (/usr/share/texlive/texmf-dist/tex/latex/base/article.cls
Document Class: article 2022/07/02 v1.4n Standard LaTeX document class
(/usr/share/texlive/texmf-dist/tex/latex/base/size11.clo
File: size11.clo 2022/07/02 v1.4n Standard LaTeX file (size option)
)
\c@part=\count185
\c@section=\count186
\c@subsection=\count187
\c@subsubsection=\count188
\c@paragraph=\count189
\c@subparagraph=\count190
\c@figure=\count191
\c@table=\count192
\abovecaptionskip=\skip48
\belowcaptionskip=\skip49
\bibindent=\dimen140
) (/usr/share/texlive/texmf-dist/tex/latex/geometry/geometry.sty
Package: geometry 2020/01/02 v5.9 Page Geometry
 (/usr/share/texlive/texmf-dist/tex/latex/graphics/keyval.sty
Package: keyval 2022/05/29 v1.15 key=value parser (DPC)
\KV@toks@=\toks16
) (/usr/share/texlive/texmf-dist/tex/generic/iftex/ifvtex.sty
Package: ifvtex 2019/10/25 v1.7 ifvtex legacy package. Use iftex instead.
 (/usr/share/texlive/texmf-dist/tex/generic/iftex/iftex.sty
Package: iftex 2022/02/03 v1.0f TeX engine tests
))
\Gm@cnth=\count193
\Gm@cntv=\count194
\c@Gm@tempcnt=\count195
\Gm@bindingoffset=\dimen141
\Gm@wd@mp=\dimen142
\Gm@odd@mp=\dimen143
\Gm@even@mp=\dimen144
\Gm@layoutwidth=\dimen145
\Gm@layoutheight=\dimen146
\Gm@layouthoffset=\dimen147
\Gm@layoutvoffset=\dimen148
\Gm@dimlist=\toks17
) (/usr/share/texlive/texmf-dist/tex/latex/amsmath/amsmath.sty
Package: amsmath 2022/04/08 v2.17n AMS math features
\@mathmargin=\skip50

For additional information on amsmath, use the `?' option.
(/usr/share/texlive/texmf-dist/tex/latex/amsmath/amstext.sty
Package: amstext 2021/08/26 v2.01 AMS text
 (/usr/share/texlive/texmf-dist/tex/latex/amsmath/amsgen.sty
File: amsgen.sty 1999/11/30 v2.0 generic functions
\@emptytoks=\toks18
\ex@=\dimen149
)) (/usr/share/texlive/texmf-dist/tex/latex/amsmath/amsbsy.sty
Package: amsbsy 1999/11/29 v1.2d Bold Symbols
\pmbraise@=\dimen150
) (/usr/share/texlive/texmf-dist/tex/latex/amsmath/amsopn.sty
Package: amsopn 2022/04/08 v2.04 operator names
)
\inf@bad=\count196
LaTeX Info: Redefining \frac on input line 234.
\uproot@=\count197
\leftroot@=\count198
LaTeX Info: Redefining \overline on input line 399.
LaTeX Info: Redefining \colon on input line 410.
\classnum@=\count199
\DOTSCASE@=\count266
LaTeX Info: Redefining \ldots on input line 496.
LaTeX Info: Redefining \dots on input line 499.
LaTeX Info: Redefining \cdots on input line 620.
\Mathstrutbox@=\box51
\strutbox@=\box52
LaTeX Info: Redefining \big on input line 722.
LaTeX Info: Redefining \Big on input line 723.
LaTeX Info: Redefining \bigg on input line 724.
LaTeX Info: Redefining \Bigg on input line 725.
\big@size=\dimen151
LaTeX Font Info:    Redeclaring font encoding OML on input line 743.
LaTeX Font Info:    Redeclaring font encoding OMS on input line 744.
\macc@depth=\count267
LaTeX Info: Redefining \bmod on input line 905.
LaTeX Info: Redefining \pmod on input line 910.
LaTeX Info: Redefining \smash on input line 940.
LaTeX Info: Redefining \relbar on input line 970.
LaTeX Info: Redefining \Relbar on input line 971.
\c@MaxMatrixCols=\count268
\dotsspace@=\muskip16
\c@parentequation=\count269
\dspbrk@lvl=\count270
\tag@help=\toks19
\row@=\count271
\column@=\count272
\maxfields@=\count273
\andhelp@=\toks20
\eqnshift@=\dimen152
\alignsep@=\dimen153
\tagshift@=\dimen154
\tagwidth@=\dimen155
\totwidth@=\dimen156
\lineht@=\dimen157
\@envbody=\toks21
\multlinegap=\skip51
\multlinetaggap=\skip52
\mathdisplay@stack=\toks22
LaTeX Info: Redefining \[ on input line 2953.
LaTeX Info: Redefining \] on input line 2954.
) (/usr/share/texlive/texmf-dist/tex/latex/amsfonts/amssymb.sty
Package: amssymb 2013/01/14 v3.01 AMS font symbols
 (/usr/share/texlive/texmf-dist/tex/latex/amsfonts/amsfonts.sty
Package: amsfonts 2013/01/14 v3.01 Basic AMSFonts support
\symAMSa=\mathgroup4
\symAMSb=\mathgroup5
LaTeX Font Info:    Redeclaring math symbol \hbar on input line 98.
LaTeX Font Info:    Overwriting math alphabet `\mathfrak' in version `bold'
(Font)                  U/euf/m/n --> U/euf/b/n on input line 106.
)) (/usr/share/texlive/texmf-dist/tex/latex/amscls/amsthm.sty
Package: amsthm 2020/05/29 v2.20.6
\thm@style=\toks23
\thm@bodyfont=\toks24
\thm@headfont=\toks25
\thm@notefont=\toks26
\thm@headpunct=\toks27
\thm@preskip=\skip53
\thm@postskip=\skip54
\thm@headsep=\skip55
\dth@everypar=\toks28
) (/usr/share/texlive/texmf-dist/tex/latex/base/fontenc.sty
Package: fontenc 2021/04/29 v2.0v Standard LaTeX package
) (/usr/share/texlive/texmf-dist/tex/latex/base/inputenc.sty
Package: inputenc 2021/02/14 v1.3d Input encoding file
\inpenc@prehook=\toks29
\inpenc@posthook=\toks30
) (/usr/share/texlive/texmf-dist/tex/latex/lm/lmodern.sty
Package: lmodern 2015/05/01 v1.6.1 Latin Modern Fonts
LaTeX Font Info:    Overwriting symbol font `operators' in version `normal'
(Font)                  OT1/cmr/m/n --> OT1/lmr/m/n on input line 22.
LaTeX Font Info:    Overwriting symbol font `letters' in version `normal'
(Font)                  OML/cmm/m/it --> OML/lmm/m/it on input line 23.
LaTeX Font Info:    Overwriting symbol font `symbols' in version `normal'
(Font)                  OMS/cmsy/m/n --> OMS/lmsy/m/n on input line 24.
LaTeX Font Info:    Overwriting symbol font `largesymbols' in version `normal'
(Font)                  OMX/cmex/m/n --> OMX/lmex/m/n on input line 25.
LaTeX Font Info:    Overwriting symbol font `operators' in version `bold'
(Font)                  OT1/cmr/bx/n --> OT1/lmr/bx/n on input line 26.
LaTeX Font Info:    Overwriting symbol font `letters' in version `bold'
(Font)                  OML/cmm/b/it --> OML/lmm/b/it on input line 27.
LaTeX Font Info:    Overwriting symbol font `symbols' in version `bold'
(Font)                  OMS/cmsy/b/n --> OMS/lmsy/b/n on input line 28.
LaTeX Font Info:    Overwriting symbol font `largesymbols' in version `bold'
(Font)                  OMX/cmex/m/n --> OMX/lmex/m/n on input line 29.
LaTeX Font Info:    Overwriting math alphabet `\mathbf' in version `normal'
(Font)                  OT1/cmr/bx/n --> OT1/lmr/bx/n on input line 31.
LaTeX Font Info:    Overwriting math alphabet `\mathsf' in version `normal'
(Font)                  OT1/cmss/m/n --> OT1/lmss/m/n on input line 32.
LaTeX Font Info:    Overwriting math alphabet `\mathit' in version `normal'
(Font)                  OT1/cmr/m/it --> OT1/lmr/m/it on input line 33.
LaTeX Font Info:    Overwriting math alphabet `\mathtt' in version `normal'
(Font)                  OT1/cmtt/m/n --> OT1/lmtt/m/n on input line 34.
LaTeX Font Info:    Overwriting math alphabet `\mathbf' in version `bold'
(Font)                  OT1/cmr/bx/n --> OT1/lmr/bx/n on input line 35.
LaTeX Font Info:    Overwriting math alphabet `\mathsf' in version `bold'
(Font)                  OT1/cmss/bx/n --> OT1/lmss/bx/n on input line 36.
LaTeX Font Info:    Overwriting math alphabet `\mathit' in version `bold'
(Font)                  OT1/cmr/bx/it --> OT1/lmr/bx/it on input line 37.
LaTeX Font Info:    Overwriting math alphabet `\mathtt' in version `bold'
(Font)                  OT1/cmtt/m/n --> OT1/lmtt/m/n on input line 38.
) (/usr/share/texlive/texmf-dist/tex/latex/booktabs/booktabs.sty
Package: booktabs 2020/01/12 v1.61803398 Publication quality tables
\heavyrulewidth=\dimen158
\lightrulewidth=\dimen159
\cmidrulewidth=\dimen160
\belowrulesep=\dimen161
\belowbottomsep=\dimen162
\aboverulesep=\dimen163
\abovetopsep=\dimen164
\cmidrulesep=\dimen165
\cmidrulekern=\dimen166
\defaultaddspace=\dimen167
\@cmidla=\count274
\@cmidlb=\count275
\@aboverulesep=\dimen168
\@belowrulesep=\dimen169
\@thisruleclass=\count276
\@lastruleclass=\count277
\@thisrulewidth=\dimen170
) (/usr/share/texlive/texmf-dist/tex/latex/tools/array.sty
Package: array 2022/09/04 v2.5g Tabular extension package (FMi)
\col@sep=\dimen171
\ar@mcellbox=\box53
\extrarowheight=\dimen172
\NC@list=\toks31
\extratabsurround=\skip56
\backup@length=\skip57
\ar@cellbox=\box54
) (/usr/share/texlive/texmf-dist/tex/latex/graphics/graphicx.sty
Package: graphicx 2021/09/16 v1.2d Enhanced LaTeX Graphics (DPC,SPQR)
 (/usr/share/texlive/texmf-dist/tex/latex/graphics/graphics.sty
Package: graphics 2022/03/10 v1.4e Standard LaTeX Graphics (DPC,SPQR)
 (/usr/share/texlive/texmf-dist/tex/latex/graphics/trig.sty
Package: trig 2021/08/11 v1.11 sin cos tan (DPC)
) (/usr/share/texlive/texmf-dist/tex/latex/graphics-cfg/graphics.cfg
File: graphics.cfg 2016/06/04 v1.11 sample graphics configuration
)
Package graphics Info: Driver file: pdftex.def on input line 107.
 (/usr/share/texlive/texmf-dist/tex/latex/graphics-def/pdftex.def
File: pdftex.def 2022/09/22 v1.2b Graphics/color driver for pdftex
))
\Gin@req@height=\dimen173
\Gin@req@width=\dimen174
) (/usr/share/texlive/texmf-dist/tex/latex/hyperref/hyperref.sty
Package: hyperref 2023-02-07 v7.00v Hypertext links for LaTeX
 (/usr/share/texlive/texmf-dist/tex/generic/ltxcmds/ltxcmds.sty
Package: ltxcmds 2020-05-10 v1.25 LaTeX kernel commands for general use (HO)
) (/usr/share/texlive/texmf-dist/tex/generic/pdftexcmds/pdftexcmds.sty
Package: pdftexcmds 2020-06-27 v0.33 Utility functions of pdfTeX for LuaTeX (HO)
 (/usr/share/texlive/texmf-dist/tex/generic/infwarerr/infwarerr.sty
Package: infwarerr 2019/12/03 v1.5 Providing info/warning/error messages (HO)
)
Package pdftexcmds Info: \pdf@primitive is available.
Package pdftexcmds Info: \pdf@ifprimitive is available.
Package pdftexcmds Info: \pdfdraftmode found.
) (/usr/share/texlive/texmf-dist/tex/latex/kvsetkeys/kvsetkeys.sty
Package: kvsetkeys 2022-10-05 v1.19 Key value parser (HO)
) (/usr/share/texlive/texmf-dist/tex/generic/kvdefinekeys/kvdefinekeys.sty
Package: kvdefinekeys 2019-12-19 v1.6 Define keys (HO)
) (/usr/share/texlive/texmf-dist/tex/generic/pdfescape/pdfescape.sty
Package: pdfescape 2019/12/09 v1.15 Implements pdfTeX's escape features (HO)
) (/usr/share/texlive/texmf-dist/tex/latex/hycolor/hycolor.sty
Package: hycolor 2020-01-27 v1.10 Color options for hyperref/bookmark (HO)
) (/usr/share/texlive/texmf-dist/tex/latex/letltxmacro/letltxmacro.sty
Package: letltxmacro 2019/12/03 v1.6 Let assignment for LaTeX macros (HO)
) (/usr/share/texlive/texmf-dist/tex/latex/auxhook/auxhook.sty
Package: auxhook 2019-12-17 v1.6 Hooks for auxiliary files (HO)
) (/usr/share/texlive/texmf-dist/tex/latex/hyperref/nameref.sty
Package: nameref 2022-05-17 v2.50 Cross-referencing by name of section
 (/usr/share/texlive/texmf-dist/tex/latex/refcount/refcount.sty
Package: refcount 2019/12/15 v3.6 Data extraction from label references (HO)
) (/usr/share/texlive/texmf-dist/tex/generic/gettitlestring/gettitlestring.sty
Package: gettitlestring 2019/12/15 v1.6 Cleanup title references (HO)
 (/usr/share/texlive/texmf-dist/tex/latex/kvoptions/kvoptions.sty
Package: kvoptions 2022-06-15 v3.15 Key value format for package options (HO)
))
\c@section@level=\count278
)
\@linkdim=\dimen175
\Hy@linkcounter=\count279
\Hy@pagecounter=\count280
 (/usr/share/texlive/texmf-dist/tex/latex/hyperref/pd1enc.def
File: pd1enc.def 2023-02-07 v7.00v Hyperref: PDFDocEncoding definition (HO)
Now handling font encoding PD1 ...
... no UTF-8 mapping file for font encoding PD1
) (/usr/share/texlive/texmf-dist/tex/generic/intcalc/intcalc.sty
Package: intcalc 2019/12/15 v1.3 Expandable calculations with integers (HO)
) (/usr/share/texlive/texmf-dist/tex/generic/etexcmds/etexcmds.sty
Package: etexcmds 2019/12/15 v1.7 Avoid name clashes with e-TeX commands (HO)
)
\Hy@SavedSpaceFactor=\count281
 (/usr/share/texlive/texmf-dist/tex/latex/hyperref/puenc.def
File: puenc.def 2023-02-07 v7.00v Hyperref: PDF Unicode definition (HO)
Now handling font encoding PU ...
... no UTF-8 mapping file for font encoding PU
)
Package hyperref Info: Hyper figures OFF on input line 4177.
Package hyperref Info: Link nesting OFF on input line 4182.
Package hyperref Info: Hyper index ON on input line 4185.
Package hyperref Info: Plain pages OFF on input line 4192.
Package hyperref Info: Backreferencing OFF on input line 4197.
Package hyperref Info: Implicit mode ON; LaTeX internals redefined.
Package hyperref Info: Bookmarks ON on input line 4425.
\c@Hy@tempcnt=\count282
 (/usr/share/texlive/texmf-dist/tex/latex/url/url.sty
\Urlmuskip=\muskip17
Package: url 2013/09/16  ver 3.4  Verb mode for urls, etc.
)
LaTeX Info: Redefining \url on input line 4763.
\XeTeXLinkMargin=\dimen176
 (/usr/share/texlive/texmf-dist/tex/generic/bitset/bitset.sty
Package: bitset 2019/12/09 v1.3 Handle bit-vector datatype (HO)
 (/usr/share/texlive/texmf-dist/tex/generic/bigintcalc/bigintcalc.sty
Package: bigintcalc 2019/12/15 v1.5 Expandable calculations on big integers (HO)
))
\Fld@menulength=\count283
\Field@Width=\dimen177
\Fld@charsize=\dimen178
Package hyperref Info: Hyper figures OFF on input line 6042.
Package hyperref Info: Link nesting OFF on input line 6047.
Package hyperref Info: Hyper index ON on input line 6050.
Package hyperref Info: backreferencing OFF on input line 6057.
Package hyperref Info: Link coloring OFF on input line 6062.
Package hyperref Info: Link coloring with OCG OFF on input line 6067.
Package hyperref Info: PDF/A mode OFF on input line 6072.
 (/usr/share/texlive/texmf-dist/tex/latex/base/atbegshi-ltx.sty
Package: atbegshi-ltx 2021/01/10 v1.0c Emulation of the original atbegshi
package with kernel methods
)
\Hy@abspage=\count284
\c@Item=\count285
\c@Hfootnote=\count286
)
Package hyperref Info: Driver (autodetected): hpdftex.
 (/usr/share/texlive/texmf-dist/tex/latex/hyperref/hpdftex.def
File: hpdftex.def 2023-02-07 v7.00v Hyperref driver for pdfTeX
 (/usr/share/texlive/texmf-dist/tex/latex/base/atveryend-ltx.sty
Package: atveryend-ltx 2020/08/19 v1.0a Emulation of the original atveryend package
with kernel methods
)
\Fld@listcount=\count287
\c@bookmark@seq@number=\count288
 (/usr/share/texlive/texmf-dist/tex/latex/rerunfilecheck/rerunfilecheck.sty
Package: rerunfilecheck 2022-07-10 v1.10 Rerun checks for auxiliary files (HO)
 (/usr/share/texlive/texmf-dist/tex/generic/uniquecounter/uniquecounter.sty
Package: uniquecounter 2019/12/15 v1.4 Provide unlimited unique counter (HO)
)
Package uniquecounter Info: New unique counter `rerunfilecheck' on input line 285.
)
\Hy@SectionHShift=\skip58
) (/usr/share/texlive/texmf-dist/tex/latex/fancyhdr/fancyhdr.sty
Package: fancyhdr 2022/11/09 v4.1 Extensive control of page headers and footers
\f@nch@headwidth=\skip59
\f@nch@O@elh=\skip60
\f@nch@O@erh=\skip61
\f@nch@O@olh=\skip62
\f@nch@O@orh=\skip63
\f@nch@O@elf=\skip64
\f@nch@O@erf=\skip65
\f@nch@O@olf=\skip66
\f@nch@O@orf=\skip67
) (/usr/share/texlive/texmf-dist/tex/latex/titlesec/titlesec.sty
Package: titlesec 2021/07/05 v2.14 Sectioning titles
\ttl@box=\box55
\beforetitleunit=\skip68
\aftertitleunit=\skip69
\ttl@plus=\dimen179
\ttl@minus=\dimen180
\ttl@toksa=\toks32
\titlewidth=\dimen181
\titlewidthlast=\dimen182
\titlewidthfirst=\dimen183
) (/usr/share/texlive/texmf-dist/tex/latex/tocloft/tocloft.sty
Package: tocloft 2017/08/31 v2.3i parameterised ToC, etc., typesetting
Package tocloft Info: The document has section divisions on input line 51.
\cftparskip=\skip70
\cftbeforetoctitleskip=\skip71
\cftaftertoctitleskip=\skip72
\cftbeforepartskip=\skip73
\cftpartnumwidth=\skip74
\cftpartindent=\skip75
\cftbeforesecskip=\skip76
\cftsecindent=\skip77
\cftsecnumwidth=\skip78
\cftbeforesubsecskip=\skip79
\cftsubsecindent=\skip80
\cftsubsecnumwidth=\skip81
\cftbeforesubsubsecskip=\skip82
\cftsubsubsecindent=\skip83
\cftsubsubsecnumwidth=\skip84
\cftbeforeparaskip=\skip85
\cftparaindent=\skip86
\cftparanumwidth=\skip87
\cftbeforesubparaskip=\skip88
\cftsubparaindent=\skip89
\cftsubparanumwidth=\skip90
\cftbeforeloftitleskip=\skip91
\cftafterloftitleskip=\skip92
\cftbeforefigskip=\skip93
\cftfigindent=\skip94
\cftfignumwidth=\skip95
\c@lofdepth=\count289
\c@lotdepth=\count290
\cftbeforelottitleskip=\skip96
\cftafterlottitleskip=\skip97
\cftbeforetabskip=\skip98
\cfttabindent=\skip99
\cfttabnumwidth=\skip100
) (/usr/share/texlive/texmf-dist/tex/latex/tools/verbatim.sty
Package: verbatim 2022-07-02 v1.5u LaTeX2e package for verbatim enhancements
\every@verbatim=\toks33
\verbatim@line=\toks34
\verbatim@in@stream=\read2
)
LaTeX Font Info:    Trying to load font information for T1+lmr on input line 45.
 (/usr/share/texlive/texmf-dist/tex/latex/lm/t1lmr.fd
File: t1lmr.fd 2015/05/01 v1.6.1 Font defs for Latin Modern
) (/usr/share/texlive/texmf-dist/tex/latex/l3backend/l3backend-pdftex.def
File: l3backend-pdftex.def 2023-01-16 L3 backend support: PDF output (pdfTeX)
\l__color_backend_stack_int=\count291
\l__pdf_internal_box=\box56
) (./report_latex.aux)
\openout1 = `report_latex.aux'.

LaTeX Font Info:    Checking defaults for OML/cmm/m/it on input line 45.
LaTeX Font Info:    ... okay on input line 45.
LaTeX Font Info:    Checking defaults for OMS/cmsy/m/n on input line 45.
LaTeX Font Info:    ... okay on input line 45.
LaTeX Font Info:    Checking defaults for OT1/cmr/m/n on input line 45.
LaTeX Font Info:    ... okay on input line 45.
LaTeX Font Info:    Checking defaults for T1/cmr/m/n on input line 45.
LaTeX Font Info:    ... okay on input line 45.
LaTeX Font Info:    Checking defaults for TS1/cmr/m/n on input line 45.
LaTeX Font Info:    ... okay on input line 45.
LaTeX Font Info:    Checking defaults for OMX/cmex/m/n on input line 45.
LaTeX Font Info:    ... okay on input line 45.
LaTeX Font Info:    Checking defaults for U/cmr/m/n on input line 45.
LaTeX Font Info:    ... okay on input line 45.
LaTeX Font Info:    Checking defaults for PD1/pdf/m/n on input line 45.
LaTeX Font Info:    ... okay on input line 45.
LaTeX Font Info:    Checking defaults for PU/pdf/m/n on input line 45.
LaTeX Font Info:    ... okay on input line 45.

*geometry* driver: auto-detecting
*geometry* detected driver: pdftex
*geometry* verbose mode - [ preamble ] result:
* driver: pdftex
* paper: a4paper
* layout: <same size as paper>
* layoutoffset:(h,v)=(0.0pt,0.0pt)
* modes: 
* h-part:(L,W,R)=(71.13188pt, 455.24411pt, 71.13188pt)
* v-part:(T,H,B)=(71.13188pt, 702.78308pt, 71.13188pt)
* \paperwidth=597.50787pt
* \paperheight=845.04684pt
* \textwidth=455.24411pt
* \textheight=702.78308pt
* \oddsidemargin=-1.1381pt
* \evensidemargin=-1.1381pt
* \topmargin=-38.1381pt
* \headheight=14.0pt
* \headsep=25.0pt
* \topskip=11.0pt
* \footskip=30.0pt
* \marginparwidth=50.0pt
* \marginparsep=10.0pt
* \columnsep=10.0pt
* \skip\footins=10.0pt plus 4.0pt minus 2.0pt
* \hoffset=0.0pt
* \voffset=0.0pt
* \mag=1000
* \@twocolumnfalse
* \@twosidefalse
* \@mparswitchfalse
* \@reversemarginfalse
* (1in=72.27pt=25.4mm, 1cm=28.453pt)

(/usr/share/texlive/texmf-dist/tex/context/base/mkii/supp-pdf.mkii
[Loading MPS to PDF converter (version 2006.09.02).]
\scratchcounter=\count292
\scratchdimen=\dimen184
\scratchbox=\box57
\nofMPsegments=\count293
\nofMParguments=\count294
\everyMPshowfont=\toks35
\MPscratchCnt=\count295
\MPscratchDim=\dimen185
\MPnumerator=\count296
\makeMPintoPDFobject=\count297
\everyMPtoPDFconversion=\toks36
) (/usr/share/texlive/texmf-dist/tex/latex/epstopdf-pkg/epstopdf-base.sty
Package: epstopdf-base 2020-01-24 v2.11 Base part for package epstopdf
Package epstopdf-base Info: Redefining graphics rule for `.eps' on input line 485.
 (/usr/share/texlive/texmf-dist/tex/latex/latexconfig/epstopdf-sys.cfg
File: epstopdf-sys.cfg 2010/07/13 v1.3 Configuration of (r)epstopdf for TeX Live
))
Package hyperref Info: Link coloring OFF on input line 45.
 (./report_latex.out) (./report_latex.out)
\@outlinefile=\write3
\openout3 = `report_latex.out'.

<Images/ISTY-logo-2025-RVB.jpg, id=164, 1003.75pt x 258.9675pt>
File: Images/ISTY-logo-2025-RVB.jpg Graphic file (type jpg)
<use Images/ISTY-logo-2025-RVB.jpg>
Package pdftex.def Info: Images/ISTY-logo-2025-RVB.jpg  used on input line 58.
(pdftex.def)             Requested size: 191.20169pt x 49.32683pt.
LaTeX Font Info:    Trying to load font information for OT1+lmr on input line 77.
 (/usr/share/texlive/texmf-dist/tex/latex/lm/ot1lmr.fd
File: ot1lmr.fd 2015/05/01 v1.6.1 Font defs for Latin Modern
)
LaTeX Font Info:    Trying to load font information for OML+lmm on input line 77.
 (/usr/share/texlive/texmf-dist/tex/latex/lm/omllmm.fd
File: omllmm.fd 2015/05/01 v1.6.1 Font defs for Latin Modern
)
LaTeX Font Info:    Trying to load font information for OMS+lmsy on input line 77.
 (/usr/share/texlive/texmf-dist/tex/latex/lm/omslmsy.fd
File: omslmsy.fd 2015/05/01 v1.6.1 Font defs for Latin Modern
)
LaTeX Font Info:    Trying to load font information for OMX+lmex on input line 77.
 (/usr/share/texlive/texmf-dist/tex/latex/lm/omxlmex.fd
File: omxlmex.fd 2015/05/01 v1.6.1 Font defs for Latin Modern
)
LaTeX Font Info:    External font `lmex10' loaded for size
(Font)              <10.95> on input line 77.
LaTeX Font Info:    External font `lmex10' loaded for size
(Font)              <8> on input line 77.
LaTeX Font Info:    External font `lmex10' loaded for size
(Font)              <6> on input line 77.
LaTeX Font Info:    Trying to load font information for U+msa on input line 77.
 (/usr/share/texlive/texmf-dist/tex/latex/amsfonts/umsa.fd
File: umsa.fd 2013/01/14 v3.01 AMS symbols A
)
LaTeX Font Info:    Trying to load font information for U+msb on input line 77.
 (/usr/share/texlive/texmf-dist/tex/latex/amsfonts/umsb.fd
File: umsb.fd 2013/01/14 v3.01 AMS symbols B
) [1

{/var/lib/texmf/fonts/map/pdftex/updmap/pdftex.map}{/usr/share/texlive/texmf-dist/fonts/enc/dvips/lm/lm-ec.enc} <./Images/ISTY-logo-2025-RVB.jpg>] (./report_latex.toc
LaTeX Font Info:    External font `lmex10' loaded for size
(Font)              <10> on input line 1.
LaTeX Font Info:    External font `lmex10' loaded for size
(Font)              <7> on input line 1.
LaTeX Font Info:    External font `lmex10' loaded for size
(Font)              <5> on input line 1.
)
\tf@toc=\write4
\openout4 = `report_latex.toc'.

 [1

{/usr/share/texlive/texmf-dist/fonts/enc/dvips/lm/lm-mathit.enc}{/usr/share/texlive/texmf-dist/fonts/enc/dvips/lm/lm-rm.enc}]
LaTeX Font Info:    Trying to load font information for T1+lmtt on input line 117.
 (/usr/share/texlive/texmf-dist/tex/latex/lm/t1lmtt.fd
File: t1lmtt.fd 2015/05/01 v1.6.1 Font defs for Latin Modern
)
pdfTeX warning (ext4): destination with the same identifier (name{page.1}) has been already used, duplicate ignored
<to be read again> 
                   \relax 
l.173 \end{equation}
                     [1

{/usr/share/texlive/texmf-dist/fonts/enc/dvips/lm/lm-mathsy.enc}
pdfTeX warning (ext4): destination with the same identifier (name{equation.1.1}) has been already used, duplicate ignored
<argument> ...shipout:D \box_use:N \l_shipout_box 
                                                  \__shipout_drop_firstpage_...
l.173 \end{equation}
                    
pdfTeX warning (ext4): destination with the same identifier (name{equation.1.1}) has been already used, duplicate ignored
<argument> ...shipout:D \box_use:N \l_shipout_box 
                                                  \__shipout_drop_firstpage_...
l.173 \end{equation}
                    
pdfTeX warning (ext4): destination with the same identifier (name{equation.1.1}) has been already used, duplicate ignored
<argument> ...shipout:D \box_use:N \l_shipout_box 
                                                  \__shipout_drop_firstpage_...
l.173 \end{equation}
                    ]
pdfTeX warning (ext4): destination with the same identifier (name{equation.1.1}) has been already used, duplicate ignored
<to be read again> 
                   \relax 
l.181 \begin{equation}
                      
pdfTeX warning (ext4): destination with the same identifier (name{equation.1.1}) has been already used, duplicate ignored
<to be read again> 
                   \relax 
l.181 \begin{equation}
                      
pdfTeX warning (ext4): destination with the same identifier (name{equation.1.1}) has been already used, duplicate ignored
<to be read again> 
                   \relax 
l.181 \begin{equation}
                      
pdfTeX warning (ext4): destination with the same identifier (name{equation.1.1}) has been already used, duplicate ignored
<to be read again> 
                   \relax 
l.181 \begin{equation}
                      
pdfTeX warning (ext4): destination with the same identifier (name{equation.1.1}) has been already used, duplicate ignored
<to be read again> 
                   \relax 
l.187 \begin{equation}
                      
pdfTeX warning (ext4): destination with the same identifier (name{equation.1.1}) has been already used, duplicate ignored
<to be read again> 
                   \relax 
l.187 \begin{equation}
                      
pdfTeX warning (ext4): destination with the same identifier (name{equation.1.1}) has been already used, duplicate ignored
<to be read again> 
                   \relax 
l.187 \begin{equation}
                      
pdfTeX warning (ext4): destination with the same identifier (name{equation.1.1}) has been already used, duplicate ignored
<to be read again> 
                   \relax 
l.187 \begin{equation}
                      
pdfTeX warning (ext4): destination with the same identifier (name{equation.1.1}) has been already used, duplicate ignored
<to be read again> 
                   \relax 
l.193 \begin{equation}
                      
pdfTeX warning (ext4): destination with the same identifier (name{equation.1.1}) has been already used, duplicate ignored
<to be read again> 
                   \relax 
l.193 \begin{equation}
                      
pdfTeX warning (ext4): destination with the same identifier (name{equation.1.1}) has been already used, duplicate ignored
<to be read again> 
                   \relax 
l.193 \begin{equation}
                      
pdfTeX warning (ext4): destination with the same identifier (name{equation.1.1}) has been already used, duplicate ignored
<to be read again> 
                   \relax 
l.193 \begin{equation}
                      
pdfTeX warning (ext4): destination with the same identifier (name{equation.1.1}) has been already used, duplicate ignored
<to be read again> 
                   \relax 
l.203 \begin{equation}
                      
pdfTeX warning (ext4): destination with the same identifier (name{equation.1.1}) has been already used, duplicate ignored
<to be read again> 
                   \relax 
l.203 \begin{equation}
                      
pdfTeX warning (ext4): destination with the same identifier (name{equation.1.1}) has been already used, duplicate ignored
<to be read again> 
                   \relax 
l.203 \begin{equation}
                      
pdfTeX warning (ext4): destination with the same identifier (name{equation.1.1}) has been already used, duplicate ignored
<to be read again> 
                   \relax 
l.203 \begin{equation}
                      
pdfTeX warning (ext4): destination with the same identifier (name{equation.1.1}) has been already used, duplicate ignored
<to be read again> 
                   \relax 
l.213 \begin{equation}
                      
pdfTeX warning (ext4): destination with the same identifier (name{equation.1.1}) has been already used, duplicate ignored
<to be read again> 
                   \relax 
l.213 \begin{equation}
                      
pdfTeX warning (ext4): destination with the same identifier (name{equation.1.1}) has been already used, duplicate ignored
<to be read again> 
                   \relax 
l.213 \begin{equation}
                      
pdfTeX warning (ext4): destination with the same identifier (name{equation.1.1}) has been already used, duplicate ignored
<to be read again> 
                   \relax 
l.213 \begin{equation}
                      
pdfTeX warning (ext4): destination with the same identifier (name{equation.1.1}) has been already used, duplicate ignored
<to be read again> 
                   \relax 
l.219 \begin{equation}
                      
pdfTeX warning (ext4): destination with the same identifier (name{equation.1.1}) has been already used, duplicate ignored
<to be read again> 
                   \relax 
l.219 \begin{equation}
                      
pdfTeX warning (ext4): destination with the same identifier (name{equation.1.1}) has been already used, duplicate ignored
<to be read again> 
                   \relax 
l.219 \begin{equation}
                      
pdfTeX warning (ext4): destination with the same identifier (name{equation.1.1}) has been already used, duplicate ignored
<to be read again> 
                   \relax 
l.219 \begin{equation}
                      
pdfTeX warning (ext4): destination with the same identifier (name{equation.1.1}) has been already used, duplicate ignored
<to be read again> 
                   \relax 
l.225 \begin{equation}
                      
pdfTeX warning (ext4): destination with the same identifier (name{equation.1.1}) has been already used, duplicate ignored
<to be read again> 
                   \relax 
l.225 \begin{equation}
                      
pdfTeX warning (ext4): destination with the same identifier (name{equation.1.1}) has been already used, duplicate ignored
<to be read again> 
                   \relax 
l.225 \begin{equation}
                      
pdfTeX warning (ext4): destination with the same identifier (name{equation.1.1}) has been already used, duplicate ignored
<to be read again> 
                   \relax 
l.225 \begin{equation}
                      
pdfTeX warning (ext4): destination with the same identifier (name{equation.1.1}) has been already used, duplicate ignored
<to be read again> 
                   \relax 
l.231 \begin{equation}
                      
pdfTeX warning (ext4): destination with the same identifier (name{equation.1.1}) has been already used, duplicate ignored
<to be read again> 
                   \relax 
l.231 \begin{equation}
                      
pdfTeX warning (ext4): destination with the same identifier (name{equation.1.1}) has been already used, duplicate ignored
<to be read again> 
                   \relax 
l.231 \begin{equation}
                      
pdfTeX warning (ext4): destination with the same identifier (name{equation.1.1}) has been already used, duplicate ignored
<to be read again> 
                   \relax 
l.231 \begin{equation}
                       [2
pdfTeX warning (ext4): destination with the same identifier (name{equation.1.1}) has been already used, duplicate ignored
<argument> ...shipout:D \box_use:N \l_shipout_box 
                                                  \__shipout_drop_firstpage_...
l.233 \end{equation}
                    {/usr/share/texlive/texmf-dist/fonts/enc/dvips/lm/lm-mathex.enc}]
LaTeX Font Info:    External font `lmex10' loaded for size
(Font)              <12> on input line 259.


Package hyperref Warning: Token not allowed in a PDF string (Unicode):
(hyperref)                removing `math shift' on input line 259.


Package hyperref Warning: Token not allowed in a PDF string (Unicode):
(hyperref)                removing `subscript' on input line 259.


Package hyperref Warning: Token not allowed in a PDF string (Unicode):
(hyperref)                removing `math shift' on input line 259.

[3
pdfTeX warning (ext4): destination with the same identifier (name{equation.2.1}) has been already used, duplicate ignored
<argument> ...shipout:D \box_use:N \l_shipout_box 
                                                  \__shipout_drop_firstpage_...
l.287 \end{equation}
                    
pdfTeX warning (ext4): destination with the same identifier (name{equation.2.1}) has been already used, duplicate ignored
<argument> ...shipout:D \box_use:N \l_shipout_box 
                                                  \__shipout_drop_firstpage_...
l.287 \end{equation}
                    
pdfTeX warning (ext4): destination with the same identifier (name{equation.2.1}) has been already used, duplicate ignored
<argument> ...shipout:D \box_use:N \l_shipout_box 
                                                  \__shipout_drop_firstpage_...
l.287 \end{equation}
                    
pdfTeX warning (ext4): destination with the same identifier (name{equation.2.1}) has been already used, duplicate ignored
<argument> ...shipout:D \box_use:N \l_shipout_box 
                                                  \__shipout_drop_firstpage_...
l.287 \end{equation}
                    ]
pdfTeX warning (ext4): destination with the same identifier (name{equation.2.1}) has been already used, duplicate ignored
<to be read again> 
                   \relax 
l.289 \begin{equation}
                      
pdfTeX warning (ext4): destination with the same identifier (name{equation.2.1}) has been already used, duplicate ignored
<to be read again> 
                   \relax 
l.289 \begin{equation}
                      
pdfTeX warning (ext4): destination with the same identifier (name{equation.2.1}) has been already used, duplicate ignored
<to be read again> 
                   \relax 
l.289 \begin{equation}
                      
pdfTeX warning (ext4): destination with the same identifier (name{equation.2.1}) has been already used, duplicate ignored
<to be read again> 
                   \relax 
l.289 \begin{equation}
                      
pdfTeX warning (ext4): destination with the same identifier (name{equation.2.1}) has been already used, duplicate ignored
<to be read again> 
                   \relax 
l.293 \begin{equation}
                      
pdfTeX warning (ext4): destination with the same identifier (name{equation.2.1}) has been already used, duplicate ignored
<to be read again> 
                   \relax 
l.293 \begin{equation}
                      
pdfTeX warning (ext4): destination with the same identifier (name{equation.2.1}) has been already used, duplicate ignored
<to be read again> 
                   \relax 
l.293 \begin{equation}
                      
pdfTeX warning (ext4): destination with the same identifier (name{equation.2.1}) has been already used, duplicate ignored
<to be read again> 
                   \relax 
l.293 \begin{equation}
                      
pdfTeX warning (ext4): destination with the same identifier (name{equation.2.1}) has been already used, duplicate ignored
<to be read again> 
                   \relax 
l.302 \begin{equation}
                      
pdfTeX warning (ext4): destination with the same identifier (name{equation.2.1}) has been already used, duplicate ignored
<to be read again> 
                   \relax 
l.302 \begin{equation}
                      
pdfTeX warning (ext4): destination with the same identifier (name{equation.2.1}) has been already used, duplicate ignored
<to be read again> 
                   \relax 
l.302 \begin{equation}
                      
pdfTeX warning (ext4): destination with the same identifier (name{equation.2.1}) has been already used, duplicate ignored
<to be read again> 
                   \relax 
l.302 \begin{equation}
                      
pdfTeX warning (ext4): destination with the same identifier (name{equation.2.1}) has been already used, duplicate ignored
<to be read again> 
                   \relax 
l.309 \begin{equation}
                      
pdfTeX warning (ext4): destination with the same identifier (name{equation.2.1}) has been already used, duplicate ignored
<to be read again> 
                   \relax 
l.309 \begin{equation}
                      
pdfTeX warning (ext4): destination with the same identifier (name{equation.2.1}) has been already used, duplicate ignored
<to be read again> 
                   \relax 
l.309 \begin{equation}
                      
pdfTeX warning (ext4): destination with the same identifier (name{equation.2.1}) has been already used, duplicate ignored
<to be read again> 
                   \relax 
l.309 \begin{equation}
                       [4
pdfTeX warning (ext4): destination with the same identifier (name{equation.2.1}) has been already used, duplicate ignored
<argument> ...shipout:D \box_use:N \l_shipout_box 
                                                  \__shipout_drop_firstpage_...
l.348 \begin{equation}
                      
pdfTeX warning (ext4): destination with the same identifier (name{equation.3.1}) has been already used, duplicate ignored
<argument> ...shipout:D \box_use:N \l_shipout_box 
                                                  \__shipout_drop_firstpage_...
l.348 \begin{equation}
                      
pdfTeX warning (ext4): destination with the same identifier (name{equation.3.1}) has been already used, duplicate ignored
<argument> ...shipout:D \box_use:N \l_shipout_box 
                                                  \__shipout_drop_firstpage_...
l.348 \begin{equation}
                      
pdfTeX warning (ext4): destination with the same identifier (name{equation.3.1}) has been already used, duplicate ignored
<argument> ...shipout:D \box_use:N \l_shipout_box 
                                                  \__shipout_drop_firstpage_...
l.348 \begin{equation}
                      ]
pdfTeX warning (ext4): destination with the same identifier (name{equation.3.1}) has been already used, duplicate ignored
<to be read again> 
                   \relax 
l.348 \begin{equation}
                      
pdfTeX warning (ext4): destination with the same identifier (name{equation.3.1}) has been already used, duplicate ignored
<to be read again> 
                   \relax 
l.348 \begin{equation}
                      
pdfTeX warning (ext4): destination with the same identifier (name{equation.3.1}) has been already used, duplicate ignored
<to be read again> 
                   \relax 
l.348 \begin{equation}
                      
pdfTeX warning (ext4): destination with the same identifier (name{equation.3.1}) has been already used, duplicate ignored
<to be read again> 
                   \relax 
l.348 \begin{equation}
                      
pdfTeX warning (ext4): destination with the same identifier (name{equation.3.1}) has been already used, duplicate ignored
<to be read again> 
                   \relax 
l.358 \begin{equation}
                      
pdfTeX warning (ext4): destination with the same identifier (name{equation.3.1}) has been already used, duplicate ignored
<to be read again> 
                   \relax 
l.358 \begin{equation}
                      
pdfTeX warning (ext4): destination with the same identifier (name{equation.3.1}) has been already used, duplicate ignored
<to be read again> 
                   \relax 
l.358 \begin{equation}
                      
pdfTeX warning (ext4): destination with the same identifier (name{equation.3.1}) has been already used, duplicate ignored
<to be read again> 
                   \relax 
l.358 \begin{equation}
                      
pdfTeX warning (ext4): destination with the same identifier (name{equation.3.1}) has been already used, duplicate ignored
<to be read again> 
                   \relax 
l.368 \begin{equation}
                      
pdfTeX warning (ext4): destination with the same identifier (name{equation.3.1}) has been already used, duplicate ignored
<to be read again> 
                   \relax 
l.368 \begin{equation}
                      
pdfTeX warning (ext4): destination with the same identifier (name{equation.3.1}) has been already used, duplicate ignored
<to be read again> 
                   \relax 
l.368 \begin{equation}
                      
pdfTeX warning (ext4): destination with the same identifier (name{equation.3.1}) has been already used, duplicate ignored
<to be read again> 
                   \relax 
l.368 \begin{equation}
                      
pdfTeX warning (ext4): destination with the same identifier (name{equation.3.1}) has been already used, duplicate ignored
<to be read again> 
                   \relax 
l.374 \begin{equation}
                      
pdfTeX warning (ext4): destination with the same identifier (name{equation.3.1}) has been already used, duplicate ignored
<to be read again> 
                   \relax 
l.374 \begin{equation}
                      
pdfTeX warning (ext4): destination with the same identifier (name{equation.3.1}) has been already used, duplicate ignored
<to be read again> 
                   \relax 
l.374 \begin{equation}
                      
pdfTeX warning (ext4): destination with the same identifier (name{equation.3.1}) has been already used, duplicate ignored
<to be read again> 
                   \relax 
l.374 \begin{equation}
                      
pdfTeX warning (ext4): destination with the same identifier (name{equation.3.1}) has been already used, duplicate ignored
<to be read again> 
                   \relax 
l.380 \begin{equation}
                      
pdfTeX warning (ext4): destination with the same identifier (name{equation.3.1}) has been already used, duplicate ignored
<to be read again> 
                   \relax 
l.380 \begin{equation}
                      
pdfTeX warning (ext4): destination with the same identifier (name{equation.3.1}) has been already used, duplicate ignored
<to be read again> 
                   \relax 
l.380 \begin{equation}
                      
pdfTeX warning (ext4): destination with the same identifier (name{equation.3.1}) has been already used, duplicate ignored
<to be read again> 
                   \relax 
l.380 \begin{equation}
                      
pdfTeX warning (ext4): destination with the same identifier (name{equation.3.1}) has been already used, duplicate ignored
<to be read again> 
                   \relax 
l.394 \begin{equation}
                      
pdfTeX warning (ext4): destination with the same identifier (name{equation.3.1}) has been already used, duplicate ignored
<to be read again> 
                   \relax 
l.394 \begin{equation}
                      
pdfTeX warning (ext4): destination with the same identifier (name{equation.3.1}) has been already used, duplicate ignored
<to be read again> 
                   \relax 
l.394 \begin{equation}
                      
pdfTeX warning (ext4): destination with the same identifier (name{equation.3.1}) has been already used, duplicate ignored
<to be read again> 
                   \relax 
l.394 \begin{equation}
                      
pdfTeX warning (ext4): destination with the same identifier (name{equation.3.1}) has been already used, duplicate ignored
<to be read again> 
                   \relax 
l.402 \begin{equation}
                      
pdfTeX warning (ext4): destination with the same identifier (name{equation.3.1}) has been already used, duplicate ignored
<to be read again> 
                   \relax 
l.402 \begin{equation}
                      
pdfTeX warning (ext4): destination with the same identifier (name{equation.3.1}) has been already used, duplicate ignored
<to be read again> 
                   \relax 
l.402 \begin{equation}
                      
pdfTeX warning (ext4): destination with the same identifier (name{equation.3.1}) has been already used, duplicate ignored
<to be read again> 
                   \relax 
l.402 \begin{equation}
                      
pdfTeX warning (ext4): destination with the same identifier (name{equation.3.1}) has been already used, duplicate ignored
<to be read again> 
                   \relax 
l.409 \begin{equation}
                      
pdfTeX warning (ext4): destination with the same identifier (name{equation.3.1}) has been already used, duplicate ignored
<to be read again> 
                   \relax 
l.409 \begin{equation}
                      
pdfTeX warning (ext4): destination with the same identifier (name{equation.3.1}) has been already used, duplicate ignored
<to be read again> 
                   \relax 
l.409 \begin{equation}
                      
pdfTeX warning (ext4): destination with the same identifier (name{equation.3.1}) has been already used, duplicate ignored
<to be read again> 
                   \relax 
l.409 \begin{equation}
                       [5]
pdfTeX warning (ext4): destination with the same identifier (name{equation.3.1}) has been already used, duplicate ignored
<to be read again> 
                   \relax 
l.416 \begin{equation}
                      
pdfTeX warning (ext4): destination with the same identifier (name{equation.3.1}) has been already used, duplicate ignored
<to be read again> 
                   \relax 
l.416 \begin{equation}
                      
pdfTeX warning (ext4): destination with the same identifier (name{equation.3.1}) has been already used, duplicate ignored
<to be read again> 
                   \relax 
l.416 \begin{equation}
                      
pdfTeX warning (ext4): destination with the same identifier (name{equation.3.1}) has been already used, duplicate ignored
<to be read again> 
                   \relax 
l.416 \begin{equation}
                      
pdfTeX warning (ext4): destination with the same identifier (name{equation.3.1}) has been already used, duplicate ignored
<to be read again> 
                   \relax 
l.420 \begin{equation}
                      
pdfTeX warning (ext4): destination with the same identifier (name{equation.3.1}) has been already used, duplicate ignored
<to be read again> 
                   \relax 
l.420 \begin{equation}
                      
pdfTeX warning (ext4): destination with the same identifier (name{equation.3.1}) has been already used, duplicate ignored
<to be read again> 
                   \relax 
l.420 \begin{equation}
                      
pdfTeX warning (ext4): destination with the same identifier (name{equation.3.1}) has been already used, duplicate ignored
<to be read again> 
                   \relax 
l.420 \begin{equation}
                      
LaTeX Font Info:    Trying to load font information for TS1+lmr on input line 451.
 (/usr/share/texlive/texmf-dist/tex/latex/lm/ts1lmr.fd
File: ts1lmr.fd 2015/05/01 v1.6.1 Font defs for Latin Modern
) [6
pdfTeX warning (ext4): destination with the same identifier (name{equation.4.1}) has been already used, duplicate ignored
<argument> ...shipout:D \box_use:N \l_shipout_box 
                                                  \__shipout_drop_firstpage_...
l.471 \begin{equation}
                      {/usr/share/texlive/texmf-dist/fonts/enc/dvips/lm/lm-ts1.enc}
pdfTeX warning (ext4): destination with the same identifier (name{equation.4.1}) has been already used, duplicate ignored
<argument> ...shipout:D \box_use:N \l_shipout_box 
                                                  \__shipout_drop_firstpage_...
l.471 \begin{equation}
                      
pdfTeX warning (ext4): destination with the same identifier (name{equation.4.1}) has been already used, duplicate ignored
<argument> ...shipout:D \box_use:N \l_shipout_box 
                                                  \__shipout_drop_firstpage_...
l.471 \begin{equation}
                      ]
pdfTeX warning (ext4): destination with the same identifier (name{equation.4.1}) has been already used, duplicate ignored
<to be read again> 
                   \relax 
l.471 \begin{equation}
                      
pdfTeX warning (ext4): destination with the same identifier (name{equation.4.1}) has been already used, duplicate ignored
<to be read again> 
                   \relax 
l.471 \begin{equation}
                      
pdfTeX warning (ext4): destination with the same identifier (name{equation.4.1}) has been already used, duplicate ignored
<to be read again> 
                   \relax 
l.471 \begin{equation}
                      
pdfTeX warning (ext4): destination with the same identifier (name{equation.4.1}) has been already used, duplicate ignored
<to be read again> 
                   \relax 
l.471 \begin{equation}
                      
pdfTeX warning (ext4): destination with the same identifier (name{equation.4.1}) has been already used, duplicate ignored
<to be read again> 
                   \relax 
l.479 \begin{equation}
                      
pdfTeX warning (ext4): destination with the same identifier (name{equation.4.1}) has been already used, duplicate ignored
<to be read again> 
                   \relax 
l.479 \begin{equation}
                      
pdfTeX warning (ext4): destination with the same identifier (name{equation.4.1}) has been already used, duplicate ignored
<to be read again> 
                   \relax 
l.479 \begin{equation}
                      
pdfTeX warning (ext4): destination with the same identifier (name{equation.4.1}) has been already used, duplicate ignored
<to be read again> 
                   \relax 
l.479 \begin{equation}
                      
Underfull \hbox (badness 2698) in paragraph at lines 497--498
[]|\T1/lmr/m/n/10.95 Conditional: $\OT1/lmr/m/n/10.95 4\OML/lmm/m/it/10.95 r \OT1/lmr/m/n/10.95 +
 []

[7
pdfTeX warning (ext4): destination with the same identifier (name{equation.5.1}) has been already used, duplicate ignored
<argument> ...shipout:D \box_use:N \l_shipout_box 
                                                  \__shipout_drop_firstpage_...
l.529 
      
pdfTeX warning (ext4): destination with the same identifier (name{equation.5.1}) has been already used, duplicate ignored
<argument> ...shipout:D \box_use:N \l_shipout_box 
                                                  \__shipout_drop_firstpage_...
l.529 
      ]
<output_compare_f1.png, id=315, 867.24pt x 1084.05pt>
File: output_compare_f1.png Graphic file (type png)
<use output_compare_f1.png>
Package pdftex.def Info: output_compare_f1.png  used on input line 543.
(pdftex.def)             Requested size: 432.48051pt x 540.60112pt.
 [8]
<output_compare_f2.png, id=321, 867.24pt x 1084.05pt>
File: output_compare_f2.png Graphic file (type png)
<use output_compare_f2.png>
Package pdftex.def Info: output_compare_f2.png  used on input line 549.
(pdftex.def)             Requested size: 432.48051pt x 540.60112pt.
 [9 <./output_compare_f1.png>]
<output_crank-nicolson_validation_f1.png, id=327, 867.24pt x 289.08pt>
File: output_crank-nicolson_validation_f1.png Graphic file (type png)
<use output_crank-nicolson_validation_f1.png>
Package pdftex.def Info: output_crank-nicolson_validation_f1.png  used on input line 561.
(pdftex.def)             Requested size: 432.48051pt x 144.1603pt.
 [10 <./output_compare_f2.png>]
<output_unstable_compare_f1.png, id=333, 867.24pt x 1084.05pt>
File: output_unstable_compare_f1.png Graphic file (type png)
<use output_unstable_compare_f1.png>
Package pdftex.def Info: output_unstable_compare_f1.png  used on input line 569.
(pdftex.def)             Requested size: 432.48051pt x 540.60112pt.
 [11 <./output_crank-nicolson_validation_f1.png>] [12 <./output_unstable_compare_f1.png>]

Package hyperref Warning: Token not allowed in a PDF string (Unicode):
(hyperref)                removing `math shift' on input line 655.


Package hyperref Warning: Token not allowed in a PDF string (Unicode):
(hyperref)                removing `subscript' on input line 655.


Package hyperref Warning: Token not allowed in a PDF string (Unicode):
(hyperref)                removing `math shift' on input line 655.


Package hyperref Warning: Token not allowed in a PDF string (Unicode):
(hyperref)                removing `math shift' on input line 655.


Package hyperref Warning: Token not allowed in a PDF string (Unicode):
(hyperref)                removing `subscript' on input line 655.


Package hyperref Warning: Token not allowed in a PDF string (Unicode):
(hyperref)                removing `math shift' on input line 655.

[13]

Package hyperref Warning: Token not allowed in a PDF string (Unicode):
(hyperref)                removing `math shift' on input line 676.


Package hyperref Warning: Token not allowed in a PDF string (Unicode):
(hyperref)                removing `\alpha' on input line 676.


Package hyperref Warning: Token not allowed in a PDF string (Unicode):
(hyperref)                removing `math shift' on input line 676.


Underfull \hbox (badness 7326) in paragraph at lines 686--686
[]|\T1/lmr/m/n/10.95 max abs($\OML/lmm/m/it/10.95 u[]$\T1/lmr/m/n/10.95 ) at
 []

[14]
LaTeX Font Info:    Font shape `T1/lmtt/bx/n' in size <10.95> not available
(Font)              Font shape `T1/lmtt/b/n' tried instead on input line 735.
 [15
pdfTeX warning (ext4): destination with the same identifier (name{equation.7.1}) has been already used, duplicate ignored
<argument> ...shipout:D \box_use:N \l_shipout_box 
                                                  \__shipout_drop_firstpage_...
l.752 \end{itemize}
                   ]
Underfull \hbox (badness 10000) in paragraph at lines 784--784
[]|\T1/lmr/m/n/10.95 Optimisation
 []


Underfull \hbox (badness 10000) in paragraph at lines 786--786
[]|\T1/lmr/m/n/10.95 CN Thomas
 []


Underfull \hbox (badness 1024) in paragraph at lines 787--788
[]|\T1/lmr/m/n/10.95 Same nu-mer-i-cal re-
 []


Underfull \hbox (badness 10000) in paragraph at lines 789--789
[]|\T1/lmr/m/n/10.95 Stored so-lu-tion
 []

[16] [17]
Underfull \hbox (badness 10000) in paragraph at lines 826--826
[]|\T1/lmr/m/n/10.95 Assignment
 []


Underfull \hbox (badness 10000) in paragraph at lines 830--830
[]|\T1/lmr/m/n/10.95 2(a)-2(d) Ex-
 []


Underfull \hbox (badness 10000) in paragraph at lines 830--830
\T1/lmr/m/n/10.95 plicit scheme,
 []


Underfull \hbox (badness 7963) in paragraph at lines 830--830
\T1/lmr/m/n/10.95 sta-bil-ity, ma-
 []


Underfull \hbox (badness 10000) in paragraph at lines 830--830
\T1/lmr/m/n/10.95 trix form,
 []


Underfull \hbox (badness 10000) in paragraph at lines 830--830
\T1/lmr/m/n/10.95 im-ple-men-ta-
 []


Underfull \hbox (badness 10000) in paragraph at lines 830--831
[]|\T1/lmr/m/n/10.95 ź3.1, ź4.1, ź5,
 []


Underfull \hbox (badness 10000) in paragraph at lines 831--831
[]|\T1/lmr/m/n/10.95 3(a)-3(d) Im-
 []


Underfull \hbox (badness 10000) in paragraph at lines 831--831
\T1/lmr/m/n/10.95 plicit scheme,
 []


Underfull \hbox (badness 7963) in paragraph at lines 831--831
\T1/lmr/m/n/10.95 sta-bil-ity, ma-
 []


Underfull \hbox (badness 10000) in paragraph at lines 831--831
\T1/lmr/m/n/10.95 trix form,
 []


Underfull \hbox (badness 10000) in paragraph at lines 831--831
\T1/lmr/m/n/10.95 im-ple-men-ta-
 []


Underfull \hbox (badness 10000) in paragraph at lines 831--832
[]|\T1/lmr/m/n/10.95 ź3.2, ź4.2, ź5,
 []


Underfull \hbox (badness 10000) in paragraph at lines 832--832
[]|\T1/lmr/m/n/10.95 4(a)-4(e)
 []


Underfull \hbox (badness 10000) in paragraph at lines 832--832
\T1/lmr/m/n/10.95 Crank-
 []


Underfull \hbox (badness 10000) in paragraph at lines 832--832
\T1/lmr/m/n/10.95 Nicolson
 []


Underfull \hbox (badness 10000) in paragraph at lines 832--832
\T1/lmr/m/n/10.95 scheme, or-
 []


Underfull \hbox (badness 7888) in paragraph at lines 832--832
\T1/lmr/m/n/10.95 der, sta-bil-ity,
 []


Underfull \hbox (badness 10000) in paragraph at lines 832--832
\T1/lmr/m/n/10.95 ma-trix form,
 []


Underfull \hbox (badness 10000) in paragraph at lines 832--832
\T1/lmr/m/n/10.95 im-ple-men-ta-
 []


Underfull \hbox (badness 10000) in paragraph at lines 832--833
[]|\T1/lmr/m/n/10.95 ź3.3, ź4.3, ź5,
 []


Underfull \hbox (badness 10000) in paragraph at lines 833--833
\T1/lmr/m/n/10.95 anal-y-sis for
 []


Underfull \hbox (badness 10000) in paragraph at lines 833--833
\T1/lmr/m/n/10.95 both ini-tial
 []

[18]
Overfull \hbox (125.37798pt too wide) in paragraph at lines 863--863
[]\T1/lmtt/m/n/10.95 python3 main.py --scheme crank-nicolson --Nx 100 --Nt 500 --alpha 1.0 --T 0.5 --initial f1 --validate[] 
 []


Overfull \hbox (125.37798pt too wide) in paragraph at lines 864--864
[]\T1/lmtt/m/n/10.95 python3 main.py --scheme crank-nicolson --Nx 100 --Nt 500 --alpha 1.0 --T 0.5 --initial f2 --validate[] 
 []


Overfull \hbox (154.12164pt too wide) in paragraph at lines 867--867
[]\T1/lmtt/m/n/10.95 python3 main.py --compare --Nx 100 --Nt 500 --alpha 1.0 --T 0.5 --initial f1 --save-prefix output_unstable[] 
 []

[19] (./report_latex.aux)
Package rerunfilecheck Info: File `report_latex.out' has not changed.
(rerunfilecheck)             Checksum: 3681078570340AD69E586415B8991DBD;6787.
 ) 
Here is how much of TeX's memory you used:
 11566 strings out of 476034
 179073 string characters out of 5792864
 1874388 words of memory out of 6000000
 31684 multiletter control sequences out of 15000+600000
 606272 words of font info for 94 fonts, out of 8000000 for 9000
 1137 hyphenation exceptions out of 8191
 75i,13n,76p,1013b,590s stack positions out of 10000i,1000n,20000p,200000b,200000s
</usr/share/texlive/texmf-dist/fonts/type1/public/lm/lmbx10.pfb></usr/share/texlive/texmf-dist/fonts/type1/public/lm/lmbx12.pfb></usr/share/texlive/texmf-dist/fonts/type1/public/lm/lmcsc10.pfb></usr/share/texlive/texmf-dist/fonts/type1/public/lm/lmex10.pfb></usr/share/texlive/texmf-dist/fonts/type1/public/lm/lmmi10.pfb></usr/share/texlive/texmf-dist/fonts/type1/public/lm/lmmi12.pfb></usr/share/texlive/texmf-dist/fonts/type1/public/lm/lmmi6.pfb></usr/share/texlive/texmf-dist/fonts/type1/public/lm/lmmi7.pfb></usr/share/texlive/texmf-dist/fonts/type1/public/lm/lmmi8.pfb></usr/share/texlive/texmf-dist/fonts/type1/public/lm/lmr10.pfb></usr/share/texlive/texmf-dist/fonts/type1/public/lm/lmr12.pfb></usr/share/texlive/texmf-dist/fonts/type1/public/lm/lmr6.pfb></usr/share/texlive/texmf-dist/fonts/type1/public/lm/lmr8.pfb></usr/share/texlive/texmf-dist/fonts/type1/public/lm/lmri10.pfb></usr/share/texlive/texmf-dist/fonts/type1/public/lm/lmsy10.pfb></usr/share/texlive/texmf-dist/fonts/type1/public/lm/lmsy8.pfb></usr/share/texlive/texmf-dist/fonts/type1/public/lm/lmtk10.pfb></usr/share/texlive/texmf-dist/fonts/type1/public/lm/lmtt10.pfb></usr/share/texlive/texmf-dist/fonts/type1/public/amsfonts/symbols/msam10.pfb>
Output written on report_latex.pdf (21 pages, 1426152 bytes).
PDF statistics:
 515 PDF objects out of 1000 (max. 8388607)
 435 compressed objects within 5 object streams
 124 named destinations out of 1000 (max. 500000)
 346 words of extra memory for PDF output out of 10000 (max. 10000000)

